12:17:45 INFO  : Launching XSCT server: xsct.bat -n  -interactive C:\Users\Student\Desktop\ECE520\DMA3\temp_xsdb_launch_script.tcl
12:17:45 INFO  : Registering command handlers for Vitis TCF services
12:17:45 INFO  : Platform repository initialization has completed.
12:17:53 INFO  : XSCT server has started successfully.
12:18:06 INFO  : Successfully done setting XSCT server connection channel  
12:18:06 INFO  : plnx-install-location is set to ''
12:18:06 INFO  : Successfully done query RDI_DATADIR 
12:18:06 INFO  : Successfully done setting workspace for the tool. 
12:19:24 INFO  : Result from executing command 'getProjects': dma_platform
12:19:24 INFO  : Result from executing command 'getPlatforms': 
12:33:10 INFO  : Result from executing command 'getProjects': dma_platform
12:33:10 INFO  : Result from executing command 'getPlatforms': dma_platform|C:/Users/Student/Desktop/ECE520/DMA3/dma_platform/export/dma_platform/dma_platform.xpfm
12:33:12 INFO  : Checking for BSP changes to sync application flags for project 'dma_application'...
12:36:29 INFO  : Connected to target on host '127.0.0.1' and port '3121'.
12:36:35 INFO  : Jtag cable 'Digilent Zybo Z7 210351B3FEE3A' is selected.
12:36:38 INFO  : 'jtag frequency' command is executed.
12:36:38 INFO  : Context for 'APU' is selected.
12:36:38 INFO  : System reset is completed.
12:36:41 INFO  : 'after 3000' command is executed.
12:36:42 INFO  : 'targets -set -filter {jtag_cable_name =~ "Digilent Zybo Z7 210351B3FEE3A" && level==0 && jtag_device_ctx=="jsn-Zybo Z7-210351B3FEE3A-13722093-0"}' command is executed.
12:36:46 INFO  : Device configured successfully with "C:/Users/Student/Desktop/ECE520/DMA3/dma_application/_ide/bitstream/design_1_wrapper.bit"
12:36:46 INFO  : Context for 'APU' is selected.
12:36:49 INFO  : Hardware design and registers information is loaded from 'C:/Users/Student/Desktop/ECE520/DMA3/dma_platform/export/dma_platform/hw/design_1_wrapper.xsa'.
12:36:49 INFO  : 'configparams force-mem-access 1' command is executed.
12:36:49 INFO  : Context for 'APU' is selected.
12:36:49 INFO  : Sourcing of 'C:/Users/Student/Desktop/ECE520/DMA3/dma_application/_ide/psinit/ps7_init.tcl' is done.
12:37:31 INFO  : 'ps7_init' command is executed.
12:37:31 INFO  : 'ps7_post_config' command is executed.
12:37:34 INFO  : Context for processor 'ps7_cortexa9_0' is selected.
12:37:43 INFO  : The application 'C:/Users/Student/Desktop/ECE520/DMA3/dma_application/Debug/dma_application.elf' is downloaded to processor 'ps7_cortexa9_0'.
12:37:45 INFO  : 'configparams force-mem-access 0' command is executed.
12:37:45 INFO  : ----------------XSDB Script----------------
connect -url tcp:127.0.0.1:3121
targets -set -nocase -filter {name =~"APU*"}
rst -system
after 3000
targets -set -filter {jtag_cable_name =~ "Digilent Zybo Z7 210351B3FEE3A" && level==0 && jtag_device_ctx=="jsn-Zybo Z7-210351B3FEE3A-13722093-0"}
fpga -file C:/Users/Student/Desktop/ECE520/DMA3/dma_application/_ide/bitstream/design_1_wrapper.bit
targets -set -nocase -filter {name =~"APU*"}
loadhw -hw C:/Users/Student/Desktop/ECE520/DMA3/dma_platform/export/dma_platform/hw/design_1_wrapper.xsa -mem-ranges [list {0x40000000 0xbfffffff}] -regs
configparams force-mem-access 1
targets -set -nocase -filter {name =~"APU*"}
source C:/Users/Student/Desktop/ECE520/DMA3/dma_application/_ide/psinit/ps7_init.tcl
ps7_init
ps7_post_config
targets -set -nocase -filter {name =~ "*A9*#0"}
dow C:/Users/Student/Desktop/ECE520/DMA3/dma_application/Debug/dma_application.elf
configparams force-mem-access 0
----------------End of Script----------------

12:37:48 INFO  : Context for processor 'ps7_cortexa9_0' is selected.
12:37:51 INFO  : 'con' command is executed.
12:37:51 INFO  : ----------------XSDB Script (After Launch)----------------
targets -set -nocase -filter {name =~ "*A9*#0"}
con
----------------End of Script----------------

12:37:51 INFO  : Disconnected from the channel tcfchan#3.
12:41:23 INFO  : Connected to target on host '127.0.0.1' and port '3121'.
12:41:24 INFO  : Jtag cable 'Digilent Zybo Z7 210351B3FEE3A' is selected.
12:41:26 INFO  : 'jtag frequency' command is executed.
12:41:26 INFO  : Context for 'APU' is selected.
12:41:26 INFO  : System reset is completed.
12:41:29 INFO  : 'after 3000' command is executed.
12:41:32 INFO  : 'targets -set -filter {jtag_cable_name =~ "Digilent Zybo Z7 210351B3FEE3A" && level==0 && jtag_device_ctx=="jsn-Zybo Z7-210351B3FEE3A-13722093-0"}' command is executed.
12:41:36 INFO  : Device configured successfully with "C:/Users/Student/Desktop/ECE520/DMA3/dma_application/_ide/bitstream/design_1_wrapper.bit"
12:41:36 INFO  : Context for 'APU' is selected.
12:41:39 INFO  : Hardware design and registers information is loaded from 'C:/Users/Student/Desktop/ECE520/DMA3/dma_platform/export/dma_platform/hw/design_1_wrapper.xsa'.
12:41:39 INFO  : 'configparams force-mem-access 1' command is executed.
12:41:39 INFO  : Context for 'APU' is selected.
12:41:39 INFO  : Sourcing of 'C:/Users/Student/Desktop/ECE520/DMA3/dma_application/_ide/psinit/ps7_init.tcl' is done.
12:42:02 INFO  : 'ps7_init' command is executed.
12:42:04 INFO  : 'ps7_post_config' command is executed.
12:42:04 INFO  : Context for processor 'ps7_cortexa9_0' is selected.
12:42:13 INFO  : The application 'C:/Users/Student/Desktop/ECE520/DMA3/dma_application/Debug/dma_application.elf' is downloaded to processor 'ps7_cortexa9_0'.
12:42:16 INFO  : 'configparams force-mem-access 0' command is executed.
12:42:16 INFO  : ----------------XSDB Script----------------
connect -url tcp:127.0.0.1:3121
targets -set -nocase -filter {name =~"APU*"}
rst -system
after 3000
targets -set -filter {jtag_cable_name =~ "Digilent Zybo Z7 210351B3FEE3A" && level==0 && jtag_device_ctx=="jsn-Zybo Z7-210351B3FEE3A-13722093-0"}
fpga -file C:/Users/Student/Desktop/ECE520/DMA3/dma_application/_ide/bitstream/design_1_wrapper.bit
targets -set -nocase -filter {name =~"APU*"}
loadhw -hw C:/Users/Student/Desktop/ECE520/DMA3/dma_platform/export/dma_platform/hw/design_1_wrapper.xsa -mem-ranges [list {0x40000000 0xbfffffff}] -regs
configparams force-mem-access 1
targets -set -nocase -filter {name =~"APU*"}
source C:/Users/Student/Desktop/ECE520/DMA3/dma_application/_ide/psinit/ps7_init.tcl
ps7_init
ps7_post_config
targets -set -nocase -filter {name =~ "*A9*#0"}
dow C:/Users/Student/Desktop/ECE520/DMA3/dma_application/Debug/dma_application.elf
configparams force-mem-access 0
----------------End of Script----------------

12:42:21 INFO  : Context for processor 'ps7_cortexa9_0' is selected.
12:42:27 INFO  : 'con' command is executed.
12:42:27 INFO  : ----------------XSDB Script (After Launch)----------------
targets -set -nocase -filter {name =~ "*A9*#0"}
con
----------------End of Script----------------

12:42:27 INFO  : Launch script is exported to file 'C:\Users\Student\Desktop\ECE520\DMA3\dma_application_system\_ide\scripts\debugger_dma_application-default.tcl'
15:38:47 INFO  : Checking for BSP changes to sync application flags for project 'dma_application'...
16:21:27 INFO  : Disconnected from the channel tcfchan#4.
